<?xml version="1.0" encoding="UTF-8"?>
<!-- Generated by org.testng.reporters.JUnitReportReporter -->
<testsuite hostname="PC" failures="0" tests="1" name="testcases.TestCasesPageTest" time="14.630" errors="0" timestamp="2023-12-03T20:23:13 WAT" skipped="0">
  <testcase classname="testcases.TestCasesPageTest" name="ClickOnTestCases" time="14.630"/>
  <system-out/>
</testsuite> <!-- testcases.TestCasesPageTest -->
