<?xml version="1.0" encoding="UTF-8"?>
<!-- Generated by org.testng.reporters.JUnitReportReporter -->
<testsuite hostname="PC" failures="0" tests="2" name="testcases.SignUpPageTest" time="79.970" errors="0" timestamp="2023-12-03T20:23:13 WAT" skipped="0">
  <testcase classname="testcases.SignUpPageTest" name="RegisterUser" time="57.018"/>
  <system-out/>
  <testcase classname="testcases.SignUpPageTest" name="RegisterUserWithExistingEmail" time="22.952"/>
  <system-out/>
</testsuite> <!-- testcases.SignUpPageTest -->
