<?xml version="1.0" encoding="UTF-8"?>
<!-- Generated by org.testng.reporters.JUnitReportReporter -->
<testsuite hostname="PC" failures="0" tests="3" name="testcases.LoginPageTest" time="79.422" errors="0" timestamp="2023-12-03T20:23:13 WAT" skipped="0">
  <testcase classname="testcases.LoginPageTest" name="testLoginWithIncorrectCredentials" time="21.455"/>
  <system-out/>
  <testcase classname="testcases.LoginPageTest" name="Logout" time="28.733"/>
  <system-out/>
  <testcase classname="testcases.LoginPageTest" name="testLoginWithCorrectCredentials" time="29.234"/>
  <system-out/>
</testsuite> <!-- testcases.LoginPageTest -->
