<?xml version="1.0" encoding="UTF-8"?>
<!-- Generated by org.testng.reporters.JUnitReportReporter -->
<testsuite hostname="PC" failures="0" tests="2" name="testcases.HomePageTest" time="35.092" errors="0" timestamp="2023-12-03T20:23:13 WAT" skipped="0">
  <testcase classname="testcases.HomePageTest" name="Subscription" time="13.733"/>
  <system-out/>
  <testcase classname="testcases.HomePageTest" name="VerifyScrollUp" time="21.359"/>
  <system-out/>
</testsuite> <!-- testcases.HomePageTest -->
