<?xml version="1.0" encoding="UTF-8"?>
<!-- Generated by org.testng.reporters.JUnitReportReporter -->
<testsuite hostname="PC" failures="0" tests="3" name="testcases.OrderPageTest" time="78.708" errors="0" timestamp="2023-12-03T20:23:13 WAT" skipped="0">
  <testcase classname="testcases.OrderPageTest" name="VerifySubscription" time="16.526"/>
  <system-out/>
  <testcase classname="testcases.OrderPageTest" name="VerifyProductQte" time="19.969"/>
  <system-out/>
  <testcase classname="testcases.OrderPageTest" name="RemoveProduct" time="42.213"/>
  <system-out/>
</testsuite> <!-- testcases.OrderPageTest -->
