<?xml version="1.0" encoding="UTF-8"?>
<!-- Generated by org.testng.reporters.JUnitReportReporter -->
<testsuite hostname="PC" failures="0" tests="5" name="testcases.ProductsPageTest" time="157.584" errors="0" timestamp="2023-12-03T20:23:13 WAT" skipped="0">
  <testcase classname="testcases.ProductsPageTest" name="VerifyAllProducts" time="27.845"/>
  <system-out/>
  <testcase classname="testcases.ProductsPageTest" name="AddTocart" time="44.199"/>
  <system-out/>
  <testcase classname="testcases.ProductsPageTest" name="VerifyCategoryProducts" time="26.682"/>
  <system-out/>
  <testcase classname="testcases.ProductsPageTest" name="VerifyBrandProducts" time="32.076"/>
  <system-out/>
  <testcase classname="testcases.ProductsPageTest" name="AddReviewOnProduct" time="26.782"/>
  <system-out/>
</testsuite> <!-- testcases.ProductsPageTest -->
